# JRE version: OpenJDK Runtime Environment (21.0.9) (build 21.0.9+-14787801-b1163.94)
# Java VM: OpenJDK 64-Bit Server VM (21.0.9+-14787801-b1163.94, mixed mode, tiered, compressed oops, compressed class ptrs, g1 gc, windows-amd64)
GC Precious Log:
 CardTable entry size: 512
 Card Set container configuration: InlinePtr #cards 5 size 8 Array Of Cards #cards 12 size 40 Howl #buckets 4 coarsen threshold 1843 Howl Bitmap #cards 512 size 80 coarsen threshold 460 Card regions per heap region 1 cards per card region 2048
 CPUs: 8 total, 8 available
 Memory: 7960M
 Large Page Support: Disabled
 NUMA Support: Disabled
 Compressed Oops: Enabled (32-bit)
 Heap Region Size: 1M
 Heap Min Capacity: 8M
 Heap Initial Capacity: 126M
 Heap Max Capacity: 2G
 Pre-touch: Disabled
 Parallel Workers: 8
 Concurrent Workers: 2
 Concurrent Refinement Workers: 8
 Periodic GC: Disabled
Heap:
 garbage-first heap   total 135168K, used 69988K [0x0000000080000000, 0x0000000100000000)
  region size 1024K, 3 young (3072K), 3 survivors (3072K)
 Metaspace       used 59919K, committed 61632K, reserved 1114112K
  class space    used 8433K, committed 9280K, reserved 1048576K
GC Heap History (20 events):
Event: 11.174 GC heap after
{Heap after GC invocations=13 (full 0):
 garbage-first heap   total 118784K, used 59147K [0x0000000080000000, 0x0000000100000000)
  region size 1024K, 6 young (6144K), 6 survivors (6144K)
 Metaspace       used 50342K, committed 51648K, reserved 1114112K
  class space    used 6970K, committed 7616K, reserved 1048576K
}
Event: 12.137 GC heap before
{Heap before GC invocations=14 (full 0):
 garbage-first heap   total 118784K, used 103179K [0x0000000080000000, 0x0000000100000000)
  region size 1024K, 49 young (50176K), 6 survivors (6144K)
 Metaspace       used 55588K, committed 57152K, reserved 1114112K
  class space    used 7837K, committed 8576K, reserved 1048576K
}
Event: 12.145 GC heap after
{Heap after GC invocations=15 (full 0):
 garbage-first heap   total 118784K, used 61929K [0x0000000080000000, 0x0000000100000000)
  region size 1024K, 3 young (3072K), 3 survivors (3072K)
 Metaspace       used 55588K, committed 57152K, reserved 1114112K
  class space    used 7837K, committed 8576K, reserved 1048576K
}
Event: 13.265 GC heap before
{Heap before GC invocations=15 (full 0):
 garbage-first heap   total 118784K, used 108009K [0x0000000080000000, 0x0000000100000000)
  region size 1024K, 46 young (47104K), 3 survivors (3072K)
 Metaspace       used 57676K, committed 59328K, reserved 1114112K
  class space    used 8177K, committed 8960K, reserved 1048576K
}
Event: 13.270 GC heap after
{Heap after GC invocations=16 (full 0):
 garbage-first heap   total 118784K, used 67562K [0x0000000080000000, 0x0000000100000000)
  region size 1024K, 6 young (6144K), 6 survivors (6144K)
 Metaspace       used 57676K, committed 59328K, reserved 1114112K
  class space    used 8177K, committed 8960K, reserved 1048576K
}
Event: 13.563 GC heap before
{Heap before GC invocations=16 (full 0):
 garbage-first heap   total 118784K, used 106474K [0x0000000080000000, 0x0000000100000000)
  region size 1024K, 44 young (45056K), 6 survivors (6144K)
 Metaspace       used 58993K, committed 60736K, reserved 1114112K
  class space    used 8350K, committed 9216K, reserved 1048576K
}
Event: 13.568 GC heap after
{Heap after GC invocations=17 (full 0):
 garbage-first heap   total 118784K, used 69192K [0x0000000080000000, 0x0000000100000000)
  region size 1024K, 2 young (2048K), 2 survivors (2048K)
 Metaspace       used 58993K, committed 60736K, reserved 1114112K
  class space    used 8350K, committed 9216K, reserved 1048576K
}
Event: 14.260 GC heap before
{Heap before GC invocations=18 (full 0):
 garbage-first heap   total 118784K, used 107080K [0x0000000080000000, 0x0000000100000000)
  region size 1024K, 40 young (40960K), 2 survivors (2048K)
 Metaspace       used 59804K, committed 61568K, reserved 1114112K
  class space    used 8433K, committed 9280K, reserved 1048576K
}
Event: 14.265 GC heap after
{Heap after GC invocations=19 (full 0):
 garbage-first heap   total 118784K, used 69118K [0x0000000080000000, 0x0000000100000000)
  region size 1024K, 2 young (2048K), 2 survivors (2048K)
 Metaspace       used 59804K, committed 61568K, reserved 1114112K
  class space    used 8433K, committed 9280K, reserved 1048576K
}
Event: 14.701 GC heap before
{Heap before GC invocations=19 (full 0):
 garbage-first heap   total 118784K, used 109054K [0x0000000080000000, 0x0000000100000000)
  region size 1024K, 41 young (41984K), 2 survivors (2048K)
 Metaspace       used 59886K, committed 61632K, reserved 1114112K
  class space    used 8433K, committed 9280K, reserved 1048576K
}
Event: 14.704 GC heap after
{Heap after GC invocations=20 (full 0):
 garbage-first heap   total 118784K, used 69164K [0x0000000080000000, 0x0000000100000000)
  region size 1024K, 2 young (2048K), 2 survivors (2048K)
 Metaspace       used 59886K, committed 61632K, reserved 1114112K
  class space    used 8433K, committed 9280K, reserved 1048576K
}
Event: 15.004 GC heap before
{Heap before GC invocations=20 (full 0):
 garbage-first heap   total 118784K, used 111148K [0x0000000080000000, 0x0000000100000000)
  region size 1024K, 43 young (44032K), 2 survivors (2048K)
 Metaspace       used 59909K, committed 61632K, reserved 1114112K
  class space    used 8433K, committed 9280K, reserved 1048576K
}
Event: 15.007 GC heap after
{Heap after GC invocations=21 (full 0):
 garbage-first heap   total 118784K, used 69407K [0x0000000080000000, 0x0000000100000000)
  region size 1024K, 3 young (3072K), 3 survivors (3072K)
 Metaspace       used 59909K, committed 61632K, reserved 1114112K
  class space    used 8433K, committed 9280K, reserved 1048576K
}
Event: 15.549 GC heap before
{Heap before GC invocations=22 (full 0):
 garbage-first heap   total 118784K, used 110367K [0x0000000080000000, 0x0000000100000000)
  region size 1024K, 43 young (44032K), 3 survivors (3072K)
 Metaspace       used 59915K, committed 61632K, reserved 1114112K
  class space    used 8433K, committed 9280K, reserved 1048576K
}
Event: 15.552 GC heap after
{Heap after GC invocations=23 (full 0):
 garbage-first heap   total 118784K, used 69516K [0x0000000080000000, 0x0000000100000000)
  region size 1024K, 3 young (3072K), 3 survivors (3072K)
 Metaspace       used 59915K, committed 61632K, reserved 1114112K
  class space    used 8433K, committed 9280K, reserved 1048576K
}
Event: 16.011 GC heap before
{Heap before GC invocations=23 (full 0):
 garbage-first heap   total 118784K, used 110476K [0x0000000080000000, 0x0000000100000000)
  region size 1024K, 43 young (44032K), 3 survivors (3072K)
 Metaspace       used 59918K, committed 61632K, reserved 1114112K
  class space    used 8433K, committed 9280K, reserved 1048576K
}
Event: 16.019 GC heap after
{Heap after GC invocations=24 (full 0):
 garbage-first heap   total 118784K, used 69635K [0x0000000080000000, 0x0000000100000000)
  region size 1024K, 3 young (3072K), 3 survivors (3072K)
 Metaspace       used 59918K, committed 61632K, reserved 1114112K
  class space    used 8433K, committed 9280K, reserved 1048576K
}
Event: 16.532 GC heap before
{Heap before GC invocations=24 (full 0):
 garbage-first heap   total 118784K, used 110595K [0x0000000080000000, 0x0000000100000000)
  region size 1024K, 43 young (44032K), 3 survivors (3072K)
 Metaspace       used 59919K, committed 61632K, reserved 1114112K
  class space    used 8433K, committed 9280K, reserved 1048576K
}
Event: 16.536 GC heap after
{Heap after GC invocations=25 (full 0):
 garbage-first heap   total 118784K, used 69867K [0x0000000080000000, 0x0000000100000000)
  region size 1024K, 3 young (3072K), 3 survivors (3072K)
 Metaspace       used 59919K, committed 61632K, reserved 1114112K
  class space    used 8433K, committed 9280K, reserved 1048576K
}
Event: 16.910 GC heap before
{Heap before GC invocations=26 (full 0):
 garbage-first heap   total 118784K, used 110827K [0x0000000080000000, 0x0000000100000000)
  region size 1024K, 43 young (44032K), 3 survivors (3072K)
 Metaspace       used 59919K, committed 61632K, reserved 1114112K
  class space    used 8433K, committed 9280K, reserved 1048576K
}

